<?xml version="1.0" encoding="UTF-8"?>
<!-- Generated by org.testng.reporters.JUnitXMLReporter -->
<testsuite hostname="sunlu-PC" name="Default test" tests="1" failures="0" timestamp="13 Nov 2014 09:20:43 GMT" time="0.019" errors="0">
  <testcase name="@BeforeClass init" time="0.0" classname="Test.TestCase.Practicethree.Practice2OnTestng">
    <failure type="org.testng.TestNGException" message="
Parameter &amp;apos;data&amp;apos; is required by @Configuration on method init but has not been marked @Optional or defined
in C:\Users\lu.sun\AppData\Local\Temp\testng-eclipse--1578446736\testng-customsuite.xml">
      <![CDATA[org.testng.TestNGException: 
Parameter 'data' is required by @Configuration on method init but has not been marked @Optional or defined
in C:\Users\lu.sun\AppData\Local\Temp\testng-eclipse--1578446736\testng-customsuite.xml
	at org.testng.internal.Parameters.createParameters(Parameters.java:155)
	at org.testng.internal.Parameters.createParameters(Parameters.java:358)
	at org.testng.internal.Parameters.createConfigurationParameters(Parameters.java:86)
	at org.testng.internal.Invoker.invokeConfigurations(Invoker.java:199)
	at org.testng.internal.Invoker.invokeConfigurations(Invoker.java:138)
	at org.testng.internal.TestMethodWorker.invokeBeforeClassMethods(TestMethodWorker.java:175)
	at org.testng.internal.TestMethodWorker.run(TestMethodWorker.java:107)
	at org.testng.TestRunner.privateRun(TestRunner.java:767)
	at org.testng.TestRunner.run(TestRunner.java:617)
	at org.testng.SuiteRunner.runTest(SuiteRunner.java:334)
	at org.testng.SuiteRunner.runSequentially(SuiteRunner.java:329)
	at org.testng.SuiteRunner.privateRun(SuiteRunner.java:291)
	at org.testng.SuiteRunner.run(SuiteRunner.java:240)
	at org.testng.SuiteRunnerWorker.runSuite(SuiteRunnerWorker.java:52)
	at org.testng.SuiteRunnerWorker.run(SuiteRunnerWorker.java:86)
	at org.testng.TestNG.runSuitesSequentially(TestNG.java:1224)
	at org.testng.TestNG.runSuitesLocally(TestNG.java:1149)
	at org.testng.TestNG.run(TestNG.java:1057)
	at org.testng.remote.RemoteTestNG.run(RemoteTestNG.java:111)
	at org.testng.remote.RemoteTestNG.initAndRun(RemoteTestNG.java:204)
	at org.testng.remote.RemoteTestNG.main(RemoteTestNG.java:175)
]]>
    </failure>
  </testcase> <!-- @BeforeClass init -->
  <testcase name="@AfterClass release" time="0.0" classname="Test.TestCase.Practicethree.Practice2OnTestng">
    <skipped/>
  </testcase> <!-- @AfterClass release -->
  <testcase name="contextClickTest" time="0.0030" classname="Test.TestCase.Practicethree.Practice2OnTestng">
    <skipped/>
  </testcase> <!-- contextClickTest -->
</testsuite> <!-- Default test -->
